2025-08-25 14:02:47 - INFO - 程序开始执行
2025-08-25 14:02:47 - INFO - 成功读取数据库配置
2025-08-25 14:02:47 - INFO - 成功连接数据库并创建游标
2025-08-25 14:02:54 - INFO - 已执行存储过程 [dbo].[aa_baobiao_gongfei]
2025-08-25 14:02:57 - INFO - 成功获取结果集，共 85593 条数据
2025-08-25 14:02:58 - INFO - 数据库连接已关闭
2025-08-25 14:02:58 - INFO - 成功获取 85593 条数据
2025-08-25 14:02:58 - INFO - 第1条数据示例: {'项目内码': 13133, '项目编号': 'ZN.17TX.08', '项目名称': '一汽丰田研发中心监控', '业绩年份': None, '框架编号': None, '框架名称': None, '部门': None, '立项时间': None, '甲方项目预算': None, '乙方项目预算': None, '完工时间': None, '送审金额': None, '审计时间': None, '审计金额': None, '业绩确认金额': None, '业绩确认备注': None, '结算时间': None, '结算金额': None, '采购订单金额': None, '材料成本': None, '销售出库': None, '人工成本': None, '施工队名称': 'SD-LZH', '未核销其他应付单': None, '暂估': None, '暂估冲回': None, '正式付款': Decimal('22936.0000'), '预付款': None, '已付其他应付单': None, '已审核付款': Decimal('22936.0000'), '未审核付款': None, '未付其他应付单': None, '其他成本': None, '其他': None, '其他应收单编号': None, '成本调整': None, '成本调整备注': None, '开票时间': None, '开票金额': None, '收款单单编号': None, '收款时间': None, '收款金额': None, '其他开票金额': None, '其他收款金额': None, '收款合计': None, '备注': None, '审计金额成本比例': None, '甲方项目预算成本比例': None, '开票金额成本比例': None, '收款金额成本比例': None}
2025-08-25 14:02:58 - INFO - 第2条数据示例: {'项目内码': 13170, '项目编号': 'ZN.YD.12', '项目名称': '武清营业厅（网络）', '业绩年份': None, '框架编号': None, '框架名称': None, '部门': None, '立项时间': None, '甲方项目预算': None, '乙方项目预算': None, '完工时间': None, '送审金额': None, '审计时间': None, '审计金额': None, '业绩确认金额': None, '业绩确认备注': None, '结算时间': None, '结算金额': None, '采购订单金额': None, '材料成本': None, '销售出库': None, '人工成本': None, '施工队名称': 'SD-LTQ', '未核销其他应付单': None, '暂估': None, '暂估冲回': None, '正式付款': Decimal('500.0000'), '预付款': None, '已付其他应付单': None, '已审核付款': Decimal('500.0000'), '未审核付款': None, '未付其他应付单': None, '其他成本': None, '其他': None, '其他应收单编号': None, '成本调整': None, '成本调整备注': None, '开票时间': None, '开票金额': None, '收款单单编号': None, '收款时间': None, '收款金额': None, '其他开票金额': None, '其他收款金额': None, '收款合计': None, '备注': None, '审计金额成本比例': None, '甲方项目预算成本比例': None, '开票金额成本比例': None, '收款金额成本比例': None}
2025-08-25 14:03:18 - INFO - 快速写入完成: 智导回款分析台账合并合计-工费-2025-08-25.xlsx
2025-08-25 14:03:18 - INFO - 成功读取邮件配置
2025-08-25 14:03:21 - INFO - 邮件发送成功，附件: 智导回款分析台账合并合计-工费-2025-08-25.xlsx，收件人: ['danel109@163.com']
2025-08-25 14:03:21 - INFO - mainjob执行结束
2025-08-25 14:03:21 - INFO - 成功读取定时配置
2025-08-25 14:03:21 - INFO - Adding job tentatively -- it will be properly scheduled when the scheduler starts
2025-08-25 14:03:21 - INFO - Added job "报表生成与发送邮件" to job store "default"
2025-08-25 14:03:21 - INFO - Scheduler started
2025-08-25 14:03:21 - INFO - 定时任务已启动，执行表达式: */2 * * * *
2025-08-25 14:03:21 - INFO - 程序将持续运行，按Ctrl+C终止...
2025-08-25 14:04:00 - INFO - Running job "报表生成与发送邮件 (trigger: cron[month='*', day='*', day_of_week='*', hour='*', minute='*/2'], next run at: 2025-08-25 14:04:00 CST)" (scheduled at 2025-08-25 14:04:00+08:00)
2025-08-25 14:04:00 - INFO - 成功读取数据库配置
2025-08-25 14:04:00 - INFO - 成功连接数据库并创建游标
2025-08-25 14:04:06 - INFO - 已执行存储过程 [dbo].[aa_baobiao_gongfei]
2025-08-25 14:04:09 - INFO - 成功获取结果集，共 85593 条数据
2025-08-25 14:04:11 - INFO - 数据库连接已关闭
2025-08-25 14:04:11 - INFO - 成功获取 85593 条数据
2025-08-25 14:04:11 - INFO - 第1条数据示例: {'项目内码': 13133, '项目编号': 'ZN.17TX.08', '项目名称': '一汽丰田研发中心监控', '业绩年份': None, '框架编号': None, '框架名称': None, '部门': None, '立项时间': None, '甲方项目预算': None, '乙方项目预算': None, '完工时间': None, '送审金额': None, '审计时间': None, '审计金额': None, '业绩确认金额': None, '业绩确认备注': None, '结算时间': None, '结算金额': None, '采购订单金额': None, '材料成本': None, '销售出库': None, '人工成本': None, '施工队名称': 'SD-LZH', '未核销其他应付单': None, '暂估': None, '暂估冲回': None, '正式付款': Decimal('22936.0000'), '预付款': None, '已付其他应付单': None, '已审核付款': Decimal('22936.0000'), '未审核付款': None, '未付其他应付单': None, '其他成本': None, '其他': None, '其他应收单编号': None, '成本调整': None, '成本调整备注': None, '开票时间': None, '开票金额': None, '收款单单编号': None, '收款时间': None, '收款金额': None, '其他开票金额': None, '其他收款金额': None, '收款合计': None, '备注': None, '审计金额成本比例': None, '甲方项目预算成本比例': None, '开票金额成本比例': None, '收款金额成本比例': None}
2025-08-25 14:04:11 - INFO - 第2条数据示例: {'项目内码': 13170, '项目编号': 'ZN.YD.12', '项目名称': '武清营业厅（网络）', '业绩年份': None, '框架编号': None, '框架名称': None, '部门': None, '立项时间': None, '甲方项目预算': None, '乙方项目预算': None, '完工时间': None, '送审金额': None, '审计时间': None, '审计金额': None, '业绩确认金额': None, '业绩确认备注': None, '结算时间': None, '结算金额': None, '采购订单金额': None, '材料成本': None, '销售出库': None, '人工成本': None, '施工队名称': 'SD-LTQ', '未核销其他应付单': None, '暂估': None, '暂估冲回': None, '正式付款': Decimal('500.0000'), '预付款': None, '已付其他应付单': None, '已审核付款': Decimal('500.0000'), '未审核付款': None, '未付其他应付单': None, '其他成本': None, '其他': None, '其他应收单编号': None, '成本调整': None, '成本调整备注': None, '开票时间': None, '开票金额': None, '收款单单编号': None, '收款时间': None, '收款金额': None, '其他开票金额': None, '其他收款金额': None, '收款合计': None, '备注': None, '审计金额成本比例': None, '甲方项目预算成本比例': None, '开票金额成本比例': None, '收款金额成本比例': None}
2025-08-25 14:04:31 - INFO - 快速写入完成: 智导回款分析台账合并合计-工费-2025-08-25.xlsx
2025-08-25 14:04:31 - INFO - 成功读取邮件配置
2025-08-25 14:04:34 - INFO - 邮件发送成功，附件: 智导回款分析台账合并合计-工费-2025-08-25.xlsx，收件人: ['danel109@163.com']
2025-08-25 14:04:34 - INFO - mainjob执行结束
2025-08-25 14:04:35 - INFO - Job "报表生成与发送邮件 (trigger: cron[month='*', day='*', day_of_week='*', hour='*', minute='*/2'], next run at: 2025-08-25 14:06:00 CST)" executed successfully
2025-08-25 14:04:35 - INFO - 定时任务执行成功（来自监听器）
2025-08-25 14:06:00 - INFO - Running job "报表生成与发送邮件 (trigger: cron[month='*', day='*', day_of_week='*', hour='*', minute='*/2'], next run at: 2025-08-25 14:08:00 CST)" (scheduled at 2025-08-25 14:06:00+08:00)
2025-08-25 14:06:00 - INFO - 成功读取数据库配置
2025-08-25 14:06:00 - INFO - 成功连接数据库并创建游标
2025-08-25 14:06:06 - INFO - 已执行存储过程 [dbo].[aa_baobiao_gongfei]
2025-08-25 14:06:09 - INFO - 成功获取结果集，共 85593 条数据
2025-08-25 14:06:10 - INFO - 数据库连接已关闭
2025-08-25 14:06:10 - INFO - 成功获取 85593 条数据
2025-08-25 14:06:10 - INFO - 第1条数据示例: {'项目内码': 13133, '项目编号': 'ZN.17TX.08', '项目名称': '一汽丰田研发中心监控', '业绩年份': None, '框架编号': None, '框架名称': None, '部门': None, '立项时间': None, '甲方项目预算': None, '乙方项目预算': None, '完工时间': None, '送审金额': None, '审计时间': None, '审计金额': None, '业绩确认金额': None, '业绩确认备注': None, '结算时间': None, '结算金额': None, '采购订单金额': None, '材料成本': None, '销售出库': None, '人工成本': None, '施工队名称': 'SD-LZH', '未核销其他应付单': None, '暂估': None, '暂估冲回': None, '正式付款': Decimal('22936.0000'), '预付款': None, '已付其他应付单': None, '已审核付款': Decimal('22936.0000'), '未审核付款': None, '未付其他应付单': None, '其他成本': None, '其他': None, '其他应收单编号': None, '成本调整': None, '成本调整备注': None, '开票时间': None, '开票金额': None, '收款单单编号': None, '收款时间': None, '收款金额': None, '其他开票金额': None, '其他收款金额': None, '收款合计': None, '备注': None, '审计金额成本比例': None, '甲方项目预算成本比例': None, '开票金额成本比例': None, '收款金额成本比例': None}
2025-08-25 14:06:10 - INFO - 第2条数据示例: {'项目内码': 13170, '项目编号': 'ZN.YD.12', '项目名称': '武清营业厅（网络）', '业绩年份': None, '框架编号': None, '框架名称': None, '部门': None, '立项时间': None, '甲方项目预算': None, '乙方项目预算': None, '完工时间': None, '送审金额': None, '审计时间': None, '审计金额': None, '业绩确认金额': None, '业绩确认备注': None, '结算时间': None, '结算金额': None, '采购订单金额': None, '材料成本': None, '销售出库': None, '人工成本': None, '施工队名称': 'SD-LTQ', '未核销其他应付单': None, '暂估': None, '暂估冲回': None, '正式付款': Decimal('500.0000'), '预付款': None, '已付其他应付单': None, '已审核付款': Decimal('500.0000'), '未审核付款': None, '未付其他应付单': None, '其他成本': None, '其他': None, '其他应收单编号': None, '成本调整': None, '成本调整备注': None, '开票时间': None, '开票金额': None, '收款单单编号': None, '收款时间': None, '收款金额': None, '其他开票金额': None, '其他收款金额': None, '收款合计': None, '备注': None, '审计金额成本比例': None, '甲方项目预算成本比例': None, '开票金额成本比例': None, '收款金额成本比例': None}
2025-08-25 14:06:30 - INFO - 快速写入完成: 智导回款分析台账合并合计-工费-2025-08-25.xlsx
2025-08-25 14:06:30 - INFO - 成功读取邮件配置
2025-08-25 14:06:34 - INFO - 邮件发送成功，附件: 智导回款分析台账合并合计-工费-2025-08-25.xlsx，收件人: ['danel109@163.com']
2025-08-25 14:06:34 - INFO - mainjob执行结束
2025-08-25 14:06:34 - INFO - Job "报表生成与发送邮件 (trigger: cron[month='*', day='*', day_of_week='*', hour='*', minute='*/2'], next run at: 2025-08-25 14:08:00 CST)" executed successfully
2025-08-25 14:06:34 - INFO - 定时任务执行成功（来自监听器）
2025-08-25 14:08:00 - INFO - Running job "报表生成与发送邮件 (trigger: cron[month='*', day='*', day_of_week='*', hour='*', minute='*/2'], next run at: 2025-08-25 14:10:00 CST)" (scheduled at 2025-08-25 14:08:00+08:00)
2025-08-25 14:08:00 - INFO - 成功读取数据库配置
2025-08-25 14:08:00 - INFO - 成功连接数据库并创建游标
2025-08-25 14:08:06 - INFO - 已执行存储过程 [dbo].[aa_baobiao_gongfei]
2025-08-25 14:08:09 - INFO - 成功获取结果集，共 85593 条数据
2025-08-25 14:08:10 - INFO - 数据库连接已关闭
2025-08-25 14:08:10 - INFO - 成功获取 85593 条数据
2025-08-25 14:08:10 - INFO - 第1条数据示例: {'项目内码': 13133, '项目编号': 'ZN.17TX.08', '项目名称': '一汽丰田研发中心监控', '业绩年份': None, '框架编号': None, '框架名称': None, '部门': None, '立项时间': None, '甲方项目预算': None, '乙方项目预算': None, '完工时间': None, '送审金额': None, '审计时间': None, '审计金额': None, '业绩确认金额': None, '业绩确认备注': None, '结算时间': None, '结算金额': None, '采购订单金额': None, '材料成本': None, '销售出库': None, '人工成本': None, '施工队名称': 'SD-LZH', '未核销其他应付单': None, '暂估': None, '暂估冲回': None, '正式付款': Decimal('22936.0000'), '预付款': None, '已付其他应付单': None, '已审核付款': Decimal('22936.0000'), '未审核付款': None, '未付其他应付单': None, '其他成本': None, '其他': None, '其他应收单编号': None, '成本调整': None, '成本调整备注': None, '开票时间': None, '开票金额': None, '收款单单编号': None, '收款时间': None, '收款金额': None, '其他开票金额': None, '其他收款金额': None, '收款合计': None, '备注': None, '审计金额成本比例': None, '甲方项目预算成本比例': None, '开票金额成本比例': None, '收款金额成本比例': None}
2025-08-25 14:08:10 - INFO - 第2条数据示例: {'项目内码': 13170, '项目编号': 'ZN.YD.12', '项目名称': '武清营业厅（网络）', '业绩年份': None, '框架编号': None, '框架名称': None, '部门': None, '立项时间': None, '甲方项目预算': None, '乙方项目预算': None, '完工时间': None, '送审金额': None, '审计时间': None, '审计金额': None, '业绩确认金额': None, '业绩确认备注': None, '结算时间': None, '结算金额': None, '采购订单金额': None, '材料成本': None, '销售出库': None, '人工成本': None, '施工队名称': 'SD-LTQ', '未核销其他应付单': None, '暂估': None, '暂估冲回': None, '正式付款': Decimal('500.0000'), '预付款': None, '已付其他应付单': None, '已审核付款': Decimal('500.0000'), '未审核付款': None, '未付其他应付单': None, '其他成本': None, '其他': None, '其他应收单编号': None, '成本调整': None, '成本调整备注': None, '开票时间': None, '开票金额': None, '收款单单编号': None, '收款时间': None, '收款金额': None, '其他开票金额': None, '其他收款金额': None, '收款合计': None, '备注': None, '审计金额成本比例': None, '甲方项目预算成本比例': None, '开票金额成本比例': None, '收款金额成本比例': None}
2025-08-25 14:08:30 - INFO - 快速写入完成: 智导回款分析台账合并合计-工费-2025-08-25.xlsx
2025-08-25 14:08:30 - INFO - 成功读取邮件配置
2025-08-25 14:08:35 - INFO - 邮件发送成功，附件: 智导回款分析台账合并合计-工费-2025-08-25.xlsx，收件人: ['danel109@163.com']
2025-08-25 14:08:35 - INFO - mainjob执行结束
2025-08-25 14:08:35 - INFO - Job "报表生成与发送邮件 (trigger: cron[month='*', day='*', day_of_week='*', hour='*', minute='*/2'], next run at: 2025-08-25 14:10:00 CST)" executed successfully
2025-08-25 14:08:35 - INFO - 定时任务执行成功（来自监听器）
