2025-08-25 11:28:07 - INFO - 程序开始执行
2025-08-25 11:28:07 - INFO - 成功读取数据库配置
2025-08-25 11:28:07 - INFO - 成功连接数据库并创建游标
2025-08-25 11:28:13 - INFO - 已执行存储过程 [dbo].[aa_baobiao_gongfei]
2025-08-25 11:28:17 - INFO - 成功获取结果集，共 85593 条数据
2025-08-25 11:28:18 - INFO - 数据库连接已关闭
2025-08-25 11:28:18 - INFO - 成功获取 85593 条数据
2025-08-25 11:28:18 - INFO - 第1条数据示例: {'项目内码': 13133, '项目编号': 'ZN.17TX.08', '项目名称': '一汽丰田研发中心监控', '业绩年份': None, '框架编号': None, '框架名称': None, '部门': None, '立项时间': None, '甲方项目预算': None, '乙方项目预算': None, '完工时间': None, '送审金额': None, '审计时间': None, '审计金额': None, '业绩确认金额': None, '业绩确认备注': None, '结算时间': None, '结算金额': None, '采购订单金额': None, '材料成本': None, '销售出库': None, '人工成本': None, '施工队名称': 'SD-LZH', '未核销其他应付单': None, '暂估': None, '暂估冲回': None, '正式付款': Decimal('22936.0000'), '预付款': None, '已付其他应付单': None, '已审核付款': Decimal('22936.0000'), '未审核付款': None, '未付其他应付单': None, '其他成本': None, '其他': None, '其他应收单编号': None, '成本调整': None, '成本调整备注': None, '开票时间': None, '开票金额': None, '收款单单编号': None, '收款时间': None, '收款金额': None, '其他开票金额': None, '其他收款金额': None, '收款合计': None, '备注': None, '审计金额成本比例': None, '甲方项目预算成本比例': None, '开票金额成本比例': None, '收款金额成本比例': None}
2025-08-25 11:28:18 - INFO - 第2条数据示例: {'项目内码': 13170, '项目编号': 'ZN.YD.12', '项目名称': '武清营业厅（网络）', '业绩年份': None, '框架编号': None, '框架名称': None, '部门': None, '立项时间': None, '甲方项目预算': None, '乙方项目预算': None, '完工时间': None, '送审金额': None, '审计时间': None, '审计金额': None, '业绩确认金额': None, '业绩确认备注': None, '结算时间': None, '结算金额': None, '采购订单金额': None, '材料成本': None, '销售出库': None, '人工成本': None, '施工队名称': 'SD-LTQ', '未核销其他应付单': None, '暂估': None, '暂估冲回': None, '正式付款': Decimal('500.0000'), '预付款': None, '已付其他应付单': None, '已审核付款': Decimal('500.0000'), '未审核付款': None, '未付其他应付单': None, '其他成本': None, '其他': None, '其他应收单编号': None, '成本调整': None, '成本调整备注': None, '开票时间': None, '开票金额': None, '收款单单编号': None, '收款时间': None, '收款金额': None, '其他开票金额': None, '其他收款金额': None, '收款合计': None, '备注': None, '审计金额成本比例': None, '甲方项目预算成本比例': None, '开票金额成本比例': None, '收款金额成本比例': None}
2025-08-25 11:28:39 - INFO - 快速写入完成: 智导回款分析台账合并合计-工费-2025-08-25.xlsx
2025-08-25 11:28:39 - INFO - 成功读取邮件配置
2025-08-25 11:28:39 - ERROR - 邮件发送失败: 'receiver'
2025-08-25 11:28:39 - INFO - 程序执行结束
2025-08-25 11:29:11 - INFO - 程序开始执行
2025-08-25 11:29:11 - INFO - 成功读取数据库配置
2025-08-25 11:29:11 - INFO - 成功连接数据库并创建游标
2025-08-25 11:29:18 - INFO - 已执行存储过程 [dbo].[aa_baobiao_gongfei]
2025-08-25 11:29:21 - INFO - 成功获取结果集，共 85593 条数据
2025-08-25 11:29:22 - INFO - 数据库连接已关闭
2025-08-25 11:29:22 - INFO - 成功获取 85593 条数据
2025-08-25 11:29:22 - INFO - 第1条数据示例: {'项目内码': 13133, '项目编号': 'ZN.17TX.08', '项目名称': '一汽丰田研发中心监控', '业绩年份': None, '框架编号': None, '框架名称': None, '部门': None, '立项时间': None, '甲方项目预算': None, '乙方项目预算': None, '完工时间': None, '送审金额': None, '审计时间': None, '审计金额': None, '业绩确认金额': None, '业绩确认备注': None, '结算时间': None, '结算金额': None, '采购订单金额': None, '材料成本': None, '销售出库': None, '人工成本': None, '施工队名称': 'SD-LZH', '未核销其他应付单': None, '暂估': None, '暂估冲回': None, '正式付款': Decimal('22936.0000'), '预付款': None, '已付其他应付单': None, '已审核付款': Decimal('22936.0000'), '未审核付款': None, '未付其他应付单': None, '其他成本': None, '其他': None, '其他应收单编号': None, '成本调整': None, '成本调整备注': None, '开票时间': None, '开票金额': None, '收款单单编号': None, '收款时间': None, '收款金额': None, '其他开票金额': None, '其他收款金额': None, '收款合计': None, '备注': None, '审计金额成本比例': None, '甲方项目预算成本比例': None, '开票金额成本比例': None, '收款金额成本比例': None}
2025-08-25 11:29:22 - INFO - 第2条数据示例: {'项目内码': 13170, '项目编号': 'ZN.YD.12', '项目名称': '武清营业厅（网络）', '业绩年份': None, '框架编号': None, '框架名称': None, '部门': None, '立项时间': None, '甲方项目预算': None, '乙方项目预算': None, '完工时间': None, '送审金额': None, '审计时间': None, '审计金额': None, '业绩确认金额': None, '业绩确认备注': None, '结算时间': None, '结算金额': None, '采购订单金额': None, '材料成本': None, '销售出库': None, '人工成本': None, '施工队名称': 'SD-LTQ', '未核销其他应付单': None, '暂估': None, '暂估冲回': None, '正式付款': Decimal('500.0000'), '预付款': None, '已付其他应付单': None, '已审核付款': Decimal('500.0000'), '未审核付款': None, '未付其他应付单': None, '其他成本': None, '其他': None, '其他应收单编号': None, '成本调整': None, '成本调整备注': None, '开票时间': None, '开票金额': None, '收款单单编号': None, '收款时间': None, '收款金额': None, '其他开票金额': None, '其他收款金额': None, '收款合计': None, '备注': None, '审计金额成本比例': None, '甲方项目预算成本比例': None, '开票金额成本比例': None, '收款金额成本比例': None}
2025-08-25 11:29:35 - INFO - 程序执行结束
2025-08-25 11:29:38 - INFO - 程序开始执行
2025-08-25 11:29:38 - INFO - 成功读取数据库配置
2025-08-25 11:29:38 - INFO - 成功连接数据库并创建游标
2025-08-25 11:29:44 - INFO - 已执行存储过程 [dbo].[aa_baobiao_gongfei]
2025-08-25 11:29:48 - INFO - 成功获取结果集，共 85593 条数据
2025-08-25 11:29:49 - INFO - 数据库连接已关闭
2025-08-25 11:29:49 - INFO - 成功获取 85593 条数据
2025-08-25 11:29:49 - INFO - 第1条数据示例: {'项目内码': 13133, '项目编号': 'ZN.17TX.08', '项目名称': '一汽丰田研发中心监控', '业绩年份': None, '框架编号': None, '框架名称': None, '部门': None, '立项时间': None, '甲方项目预算': None, '乙方项目预算': None, '完工时间': None, '送审金额': None, '审计时间': None, '审计金额': None, '业绩确认金额': None, '业绩确认备注': None, '结算时间': None, '结算金额': None, '采购订单金额': None, '材料成本': None, '销售出库': None, '人工成本': None, '施工队名称': 'SD-LZH', '未核销其他应付单': None, '暂估': None, '暂估冲回': None, '正式付款': Decimal('22936.0000'), '预付款': None, '已付其他应付单': None, '已审核付款': Decimal('22936.0000'), '未审核付款': None, '未付其他应付单': None, '其他成本': None, '其他': None, '其他应收单编号': None, '成本调整': None, '成本调整备注': None, '开票时间': None, '开票金额': None, '收款单单编号': None, '收款时间': None, '收款金额': None, '其他开票金额': None, '其他收款金额': None, '收款合计': None, '备注': None, '审计金额成本比例': None, '甲方项目预算成本比例': None, '开票金额成本比例': None, '收款金额成本比例': None}
2025-08-25 11:29:49 - INFO - 第2条数据示例: {'项目内码': 13170, '项目编号': 'ZN.YD.12', '项目名称': '武清营业厅（网络）', '业绩年份': None, '框架编号': None, '框架名称': None, '部门': None, '立项时间': None, '甲方项目预算': None, '乙方项目预算': None, '完工时间': None, '送审金额': None, '审计时间': None, '审计金额': None, '业绩确认金额': None, '业绩确认备注': None, '结算时间': None, '结算金额': None, '采购订单金额': None, '材料成本': None, '销售出库': None, '人工成本': None, '施工队名称': 'SD-LTQ', '未核销其他应付单': None, '暂估': None, '暂估冲回': None, '正式付款': Decimal('500.0000'), '预付款': None, '已付其他应付单': None, '已审核付款': Decimal('500.0000'), '未审核付款': None, '未付其他应付单': None, '其他成本': None, '其他': None, '其他应收单编号': None, '成本调整': None, '成本调整备注': None, '开票时间': None, '开票金额': None, '收款单单编号': None, '收款时间': None, '收款金额': None, '其他开票金额': None, '其他收款金额': None, '收款合计': None, '备注': None, '审计金额成本比例': None, '甲方项目预算成本比例': None, '开票金额成本比例': None, '收款金额成本比例': None}
2025-08-25 11:30:36 - INFO - 快速写入完成: 智导回款分析台账合并合计-工费-2025-08-25.xlsx
2025-08-25 11:30:36 - INFO - 成功读取邮件配置
2025-08-25 11:30:36 - ERROR - 邮件发送失败: 'receiver'
2025-08-25 11:30:36 - INFO - 程序执行结束
2025-08-25 11:31:00 - INFO - 程序开始执行
2025-08-25 11:31:00 - INFO - 成功读取数据库配置
2025-08-25 11:31:01 - INFO - 成功连接数据库并创建游标
2025-08-25 11:31:07 - INFO - 已执行存储过程 [dbo].[aa_baobiao_gongfei]
2025-08-25 11:31:10 - INFO - 成功获取结果集，共 85593 条数据
2025-08-25 11:31:12 - INFO - 数据库连接已关闭
2025-08-25 11:31:12 - INFO - 成功获取 85593 条数据
2025-08-25 11:31:12 - INFO - 第1条数据示例: {'项目内码': 13133, '项目编号': 'ZN.17TX.08', '项目名称': '一汽丰田研发中心监控', '业绩年份': None, '框架编号': None, '框架名称': None, '部门': None, '立项时间': None, '甲方项目预算': None, '乙方项目预算': None, '完工时间': None, '送审金额': None, '审计时间': None, '审计金额': None, '业绩确认金额': None, '业绩确认备注': None, '结算时间': None, '结算金额': None, '采购订单金额': None, '材料成本': None, '销售出库': None, '人工成本': None, '施工队名称': 'SD-LZH', '未核销其他应付单': None, '暂估': None, '暂估冲回': None, '正式付款': Decimal('22936.0000'), '预付款': None, '已付其他应付单': None, '已审核付款': Decimal('22936.0000'), '未审核付款': None, '未付其他应付单': None, '其他成本': None, '其他': None, '其他应收单编号': None, '成本调整': None, '成本调整备注': None, '开票时间': None, '开票金额': None, '收款单单编号': None, '收款时间': None, '收款金额': None, '其他开票金额': None, '其他收款金额': None, '收款合计': None, '备注': None, '审计金额成本比例': None, '甲方项目预算成本比例': None, '开票金额成本比例': None, '收款金额成本比例': None}
2025-08-25 11:31:12 - INFO - 第2条数据示例: {'项目内码': 13170, '项目编号': 'ZN.YD.12', '项目名称': '武清营业厅（网络）', '业绩年份': None, '框架编号': None, '框架名称': None, '部门': None, '立项时间': None, '甲方项目预算': None, '乙方项目预算': None, '完工时间': None, '送审金额': None, '审计时间': None, '审计金额': None, '业绩确认金额': None, '业绩确认备注': None, '结算时间': None, '结算金额': None, '采购订单金额': None, '材料成本': None, '销售出库': None, '人工成本': None, '施工队名称': 'SD-LTQ', '未核销其他应付单': None, '暂估': None, '暂估冲回': None, '正式付款': Decimal('500.0000'), '预付款': None, '已付其他应付单': None, '已审核付款': Decimal('500.0000'), '未审核付款': None, '未付其他应付单': None, '其他成本': None, '其他': None, '其他应收单编号': None, '成本调整': None, '成本调整备注': None, '开票时间': None, '开票金额': None, '收款单单编号': None, '收款时间': None, '收款金额': None, '其他开票金额': None, '其他收款金额': None, '收款合计': None, '备注': None, '审计金额成本比例': None, '甲方项目预算成本比例': None, '开票金额成本比例': None, '收款金额成本比例': None}
2025-08-25 11:32:04 - INFO - 快速写入完成: 智导回款分析台账合并合计-工费-2025-08-25.xlsx
2025-08-25 11:32:10 - INFO - 成功读取邮件配置
2025-08-25 11:32:50 - INFO - 程序执行结束
2025-08-25 11:32:53 - INFO - 程序开始执行
2025-08-25 11:32:53 - INFO - 成功读取数据库配置
2025-08-25 11:32:53 - INFO - 成功连接数据库并创建游标
2025-08-25 11:33:00 - INFO - 已执行存储过程 [dbo].[aa_baobiao_gongfei]
2025-08-25 11:33:03 - INFO - 成功获取结果集，共 85593 条数据
2025-08-25 11:33:05 - INFO - 数据库连接已关闭
2025-08-25 11:33:05 - INFO - 成功获取 85593 条数据
2025-08-25 11:33:05 - INFO - 第1条数据示例: {'项目内码': 13133, '项目编号': 'ZN.17TX.08', '项目名称': '一汽丰田研发中心监控', '业绩年份': None, '框架编号': None, '框架名称': None, '部门': None, '立项时间': None, '甲方项目预算': None, '乙方项目预算': None, '完工时间': None, '送审金额': None, '审计时间': None, '审计金额': None, '业绩确认金额': None, '业绩确认备注': None, '结算时间': None, '结算金额': None, '采购订单金额': None, '材料成本': None, '销售出库': None, '人工成本': None, '施工队名称': 'SD-LZH', '未核销其他应付单': None, '暂估': None, '暂估冲回': None, '正式付款': Decimal('22936.0000'), '预付款': None, '已付其他应付单': None, '已审核付款': Decimal('22936.0000'), '未审核付款': None, '未付其他应付单': None, '其他成本': None, '其他': None, '其他应收单编号': None, '成本调整': None, '成本调整备注': None, '开票时间': None, '开票金额': None, '收款单单编号': None, '收款时间': None, '收款金额': None, '其他开票金额': None, '其他收款金额': None, '收款合计': None, '备注': None, '审计金额成本比例': None, '甲方项目预算成本比例': None, '开票金额成本比例': None, '收款金额成本比例': None}
2025-08-25 11:33:05 - INFO - 第2条数据示例: {'项目内码': 13170, '项目编号': 'ZN.YD.12', '项目名称': '武清营业厅（网络）', '业绩年份': None, '框架编号': None, '框架名称': None, '部门': None, '立项时间': None, '甲方项目预算': None, '乙方项目预算': None, '完工时间': None, '送审金额': None, '审计时间': None, '审计金额': None, '业绩确认金额': None, '业绩确认备注': None, '结算时间': None, '结算金额': None, '采购订单金额': None, '材料成本': None, '销售出库': None, '人工成本': None, '施工队名称': 'SD-LTQ', '未核销其他应付单': None, '暂估': None, '暂估冲回': None, '正式付款': Decimal('500.0000'), '预付款': None, '已付其他应付单': None, '已审核付款': Decimal('500.0000'), '未审核付款': None, '未付其他应付单': None, '其他成本': None, '其他': None, '其他应收单编号': None, '成本调整': None, '成本调整备注': None, '开票时间': None, '开票金额': None, '收款单单编号': None, '收款时间': None, '收款金额': None, '其他开票金额': None, '其他收款金额': None, '收款合计': None, '备注': None, '审计金额成本比例': None, '甲方项目预算成本比例': None, '开票金额成本比例': None, '收款金额成本比例': None}
2025-08-25 11:33:57 - INFO - 快速写入完成: 智导回款分析台账合并合计-工费-2025-08-25.xlsx
2025-08-25 11:34:00 - INFO - 成功读取邮件配置
2025-08-25 11:36:04 - INFO - 程序执行结束
2025-08-25 11:36:06 - INFO - 程序开始执行
2025-08-25 11:36:06 - INFO - 成功读取数据库配置
2025-08-25 11:36:07 - INFO - 成功连接数据库并创建游标
2025-08-25 11:36:13 - INFO - 已执行存储过程 [dbo].[aa_baobiao_gongfei]
2025-08-25 11:36:16 - INFO - 成功获取结果集，共 85593 条数据
2025-08-25 11:36:17 - INFO - 数据库连接已关闭
2025-08-25 11:36:17 - INFO - 成功获取 85593 条数据
2025-08-25 11:36:17 - INFO - 第1条数据示例: {'项目内码': 13133, '项目编号': 'ZN.17TX.08', '项目名称': '一汽丰田研发中心监控', '业绩年份': None, '框架编号': None, '框架名称': None, '部门': None, '立项时间': None, '甲方项目预算': None, '乙方项目预算': None, '完工时间': None, '送审金额': None, '审计时间': None, '审计金额': None, '业绩确认金额': None, '业绩确认备注': None, '结算时间': None, '结算金额': None, '采购订单金额': None, '材料成本': None, '销售出库': None, '人工成本': None, '施工队名称': 'SD-LZH', '未核销其他应付单': None, '暂估': None, '暂估冲回': None, '正式付款': Decimal('22936.0000'), '预付款': None, '已付其他应付单': None, '已审核付款': Decimal('22936.0000'), '未审核付款': None, '未付其他应付单': None, '其他成本': None, '其他': None, '其他应收单编号': None, '成本调整': None, '成本调整备注': None, '开票时间': None, '开票金额': None, '收款单单编号': None, '收款时间': None, '收款金额': None, '其他开票金额': None, '其他收款金额': None, '收款合计': None, '备注': None, '审计金额成本比例': None, '甲方项目预算成本比例': None, '开票金额成本比例': None, '收款金额成本比例': None}
2025-08-25 11:36:17 - INFO - 第2条数据示例: {'项目内码': 13170, '项目编号': 'ZN.YD.12', '项目名称': '武清营业厅（网络）', '业绩年份': None, '框架编号': None, '框架名称': None, '部门': None, '立项时间': None, '甲方项目预算': None, '乙方项目预算': None, '完工时间': None, '送审金额': None, '审计时间': None, '审计金额': None, '业绩确认金额': None, '业绩确认备注': None, '结算时间': None, '结算金额': None, '采购订单金额': None, '材料成本': None, '销售出库': None, '人工成本': None, '施工队名称': 'SD-LTQ', '未核销其他应付单': None, '暂估': None, '暂估冲回': None, '正式付款': Decimal('500.0000'), '预付款': None, '已付其他应付单': None, '已审核付款': Decimal('500.0000'), '未审核付款': None, '未付其他应付单': None, '其他成本': None, '其他': None, '其他应收单编号': None, '成本调整': None, '成本调整备注': None, '开票时间': None, '开票金额': None, '收款单单编号': None, '收款时间': None, '收款金额': None, '其他开票金额': None, '其他收款金额': None, '收款合计': None, '备注': None, '审计金额成本比例': None, '甲方项目预算成本比例': None, '开票金额成本比例': None, '收款金额成本比例': None}
2025-08-25 11:37:06 - INFO - 快速写入完成: 智导回款分析台账合并合计-工费-2025-08-25.xlsx
2025-08-25 11:37:09 - INFO - 成功读取邮件配置
2025-08-25 11:37:09 - ERROR - 邮件发送失败: No option 'port' in section: 'Email'
2025-08-25 11:37:09 - INFO - 程序执行结束
2025-08-25 11:38:08 - INFO - 程序开始执行
2025-08-25 11:38:08 - INFO - 成功读取数据库配置
2025-08-25 11:38:08 - INFO - 成功连接数据库并创建游标
2025-08-25 11:38:14 - INFO - 已执行存储过程 [dbo].[aa_baobiao_gongfei]
2025-08-25 11:38:17 - INFO - 成功获取结果集，共 85593 条数据
2025-08-25 11:38:19 - INFO - 数据库连接已关闭
2025-08-25 11:38:19 - INFO - 成功获取 85593 条数据
2025-08-25 11:38:19 - INFO - 第1条数据示例: {'项目内码': 13133, '项目编号': 'ZN.17TX.08', '项目名称': '一汽丰田研发中心监控', '业绩年份': None, '框架编号': None, '框架名称': None, '部门': None, '立项时间': None, '甲方项目预算': None, '乙方项目预算': None, '完工时间': None, '送审金额': None, '审计时间': None, '审计金额': None, '业绩确认金额': None, '业绩确认备注': None, '结算时间': None, '结算金额': None, '采购订单金额': None, '材料成本': None, '销售出库': None, '人工成本': None, '施工队名称': 'SD-LZH', '未核销其他应付单': None, '暂估': None, '暂估冲回': None, '正式付款': Decimal('22936.0000'), '预付款': None, '已付其他应付单': None, '已审核付款': Decimal('22936.0000'), '未审核付款': None, '未付其他应付单': None, '其他成本': None, '其他': None, '其他应收单编号': None, '成本调整': None, '成本调整备注': None, '开票时间': None, '开票金额': None, '收款单单编号': None, '收款时间': None, '收款金额': None, '其他开票金额': None, '其他收款金额': None, '收款合计': None, '备注': None, '审计金额成本比例': None, '甲方项目预算成本比例': None, '开票金额成本比例': None, '收款金额成本比例': None}
2025-08-25 11:38:19 - INFO - 第2条数据示例: {'项目内码': 13170, '项目编号': 'ZN.YD.12', '项目名称': '武清营业厅（网络）', '业绩年份': None, '框架编号': None, '框架名称': None, '部门': None, '立项时间': None, '甲方项目预算': None, '乙方项目预算': None, '完工时间': None, '送审金额': None, '审计时间': None, '审计金额': None, '业绩确认金额': None, '业绩确认备注': None, '结算时间': None, '结算金额': None, '采购订单金额': None, '材料成本': None, '销售出库': None, '人工成本': None, '施工队名称': 'SD-LTQ', '未核销其他应付单': None, '暂估': None, '暂估冲回': None, '正式付款': Decimal('500.0000'), '预付款': None, '已付其他应付单': None, '已审核付款': Decimal('500.0000'), '未审核付款': None, '未付其他应付单': None, '其他成本': None, '其他': None, '其他应收单编号': None, '成本调整': None, '成本调整备注': None, '开票时间': None, '开票金额': None, '收款单单编号': None, '收款时间': None, '收款金额': None, '其他开票金额': None, '其他收款金额': None, '收款合计': None, '备注': None, '审计金额成本比例': None, '甲方项目预算成本比例': None, '开票金额成本比例': None, '收款金额成本比例': None}
2025-08-25 11:39:06 - INFO - 快速写入完成: 智导回款分析台账合并合计-工费-2025-08-25.xlsx
2025-08-25 11:39:13 - INFO - 成功读取邮件配置
2025-08-25 11:46:11 - INFO - 程序执行结束
2025-08-25 11:46:14 - INFO - 程序开始执行
2025-08-25 11:46:14 - INFO - 成功读取数据库配置
2025-08-25 11:46:14 - INFO - 成功连接数据库并创建游标
2025-08-25 11:46:20 - INFO - 已执行存储过程 [dbo].[aa_baobiao_gongfei]
2025-08-25 11:46:24 - INFO - 成功获取结果集，共 85593 条数据
2025-08-25 11:46:25 - INFO - 数据库连接已关闭
2025-08-25 11:46:25 - INFO - 成功获取 85593 条数据
2025-08-25 11:46:25 - INFO - 第1条数据示例: {'项目内码': 13133, '项目编号': 'ZN.17TX.08', '项目名称': '一汽丰田研发中心监控', '业绩年份': None, '框架编号': None, '框架名称': None, '部门': None, '立项时间': None, '甲方项目预算': None, '乙方项目预算': None, '完工时间': None, '送审金额': None, '审计时间': None, '审计金额': None, '业绩确认金额': None, '业绩确认备注': None, '结算时间': None, '结算金额': None, '采购订单金额': None, '材料成本': None, '销售出库': None, '人工成本': None, '施工队名称': 'SD-LZH', '未核销其他应付单': None, '暂估': None, '暂估冲回': None, '正式付款': Decimal('22936.0000'), '预付款': None, '已付其他应付单': None, '已审核付款': Decimal('22936.0000'), '未审核付款': None, '未付其他应付单': None, '其他成本': None, '其他': None, '其他应收单编号': None, '成本调整': None, '成本调整备注': None, '开票时间': None, '开票金额': None, '收款单单编号': None, '收款时间': None, '收款金额': None, '其他开票金额': None, '其他收款金额': None, '收款合计': None, '备注': None, '审计金额成本比例': None, '甲方项目预算成本比例': None, '开票金额成本比例': None, '收款金额成本比例': None}
2025-08-25 11:46:25 - INFO - 第2条数据示例: {'项目内码': 13170, '项目编号': 'ZN.YD.12', '项目名称': '武清营业厅（网络）', '业绩年份': None, '框架编号': None, '框架名称': None, '部门': None, '立项时间': None, '甲方项目预算': None, '乙方项目预算': None, '完工时间': None, '送审金额': None, '审计时间': None, '审计金额': None, '业绩确认金额': None, '业绩确认备注': None, '结算时间': None, '结算金额': None, '采购订单金额': None, '材料成本': None, '销售出库': None, '人工成本': None, '施工队名称': 'SD-LTQ', '未核销其他应付单': None, '暂估': None, '暂估冲回': None, '正式付款': Decimal('500.0000'), '预付款': None, '已付其他应付单': None, '已审核付款': Decimal('500.0000'), '未审核付款': None, '未付其他应付单': None, '其他成本': None, '其他': None, '其他应收单编号': None, '成本调整': None, '成本调整备注': None, '开票时间': None, '开票金额': None, '收款单单编号': None, '收款时间': None, '收款金额': None, '其他开票金额': None, '其他收款金额': None, '收款合计': None, '备注': None, '审计金额成本比例': None, '甲方项目预算成本比例': None, '开票金额成本比例': None, '收款金额成本比例': None}
2025-08-25 11:47:17 - INFO - 快速写入完成: 智导回款分析台账合并合计-工费-2025-08-25.xlsx
2025-08-25 11:47:21 - INFO - 成功读取邮件配置
2025-08-25 11:48:46 - ERROR - 邮件发送失败: 'receiver'
2025-08-25 11:48:50 - INFO - 程序执行结束
2025-08-25 11:48:57 - INFO - 程序开始执行
2025-08-25 11:48:57 - INFO - 成功读取数据库配置
2025-08-25 11:48:57 - INFO - 成功连接数据库并创建游标
2025-08-25 11:49:03 - INFO - 已执行存储过程 [dbo].[aa_baobiao_gongfei]
2025-08-25 11:49:07 - INFO - 成功获取结果集，共 85593 条数据
2025-08-25 11:49:08 - INFO - 数据库连接已关闭
2025-08-25 11:49:08 - INFO - 成功获取 85593 条数据
2025-08-25 11:49:08 - INFO - 第1条数据示例: {'项目内码': 13133, '项目编号': 'ZN.17TX.08', '项目名称': '一汽丰田研发中心监控', '业绩年份': None, '框架编号': None, '框架名称': None, '部门': None, '立项时间': None, '甲方项目预算': None, '乙方项目预算': None, '完工时间': None, '送审金额': None, '审计时间': None, '审计金额': None, '业绩确认金额': None, '业绩确认备注': None, '结算时间': None, '结算金额': None, '采购订单金额': None, '材料成本': None, '销售出库': None, '人工成本': None, '施工队名称': 'SD-LZH', '未核销其他应付单': None, '暂估': None, '暂估冲回': None, '正式付款': Decimal('22936.0000'), '预付款': None, '已付其他应付单': None, '已审核付款': Decimal('22936.0000'), '未审核付款': None, '未付其他应付单': None, '其他成本': None, '其他': None, '其他应收单编号': None, '成本调整': None, '成本调整备注': None, '开票时间': None, '开票金额': None, '收款单单编号': None, '收款时间': None, '收款金额': None, '其他开票金额': None, '其他收款金额': None, '收款合计': None, '备注': None, '审计金额成本比例': None, '甲方项目预算成本比例': None, '开票金额成本比例': None, '收款金额成本比例': None}
2025-08-25 11:49:08 - INFO - 第2条数据示例: {'项目内码': 13170, '项目编号': 'ZN.YD.12', '项目名称': '武清营业厅（网络）', '业绩年份': None, '框架编号': None, '框架名称': None, '部门': None, '立项时间': None, '甲方项目预算': None, '乙方项目预算': None, '完工时间': None, '送审金额': None, '审计时间': None, '审计金额': None, '业绩确认金额': None, '业绩确认备注': None, '结算时间': None, '结算金额': None, '采购订单金额': None, '材料成本': None, '销售出库': None, '人工成本': None, '施工队名称': 'SD-LTQ', '未核销其他应付单': None, '暂估': None, '暂估冲回': None, '正式付款': Decimal('500.0000'), '预付款': None, '已付其他应付单': None, '已审核付款': Decimal('500.0000'), '未审核付款': None, '未付其他应付单': None, '其他成本': None, '其他': None, '其他应收单编号': None, '成本调整': None, '成本调整备注': None, '开票时间': None, '开票金额': None, '收款单单编号': None, '收款时间': None, '收款金额': None, '其他开票金额': None, '其他收款金额': None, '收款合计': None, '备注': None, '审计金额成本比例': None, '甲方项目预算成本比例': None, '开票金额成本比例': None, '收款金额成本比例': None}
2025-08-25 11:49:57 - INFO - 快速写入完成: 智导回款分析台账合并合计-工费-2025-08-25.xlsx
2025-08-25 11:50:02 - INFO - 成功读取邮件配置
2025-08-25 11:50:17 - INFO - 邮件发送成功，附件: 智导回款分析台账合并合计-工费-2025-08-25.xlsx，收件人: ['quming@knowdoo.com', 'danel209@163.com']
2025-08-25 11:51:07 - INFO - 程序执行结束
2025-08-25 11:51:33 - INFO - 程序开始执行
2025-08-25 11:51:33 - INFO - 成功读取数据库配置
2025-08-25 11:51:33 - INFO - 成功连接数据库并创建游标
2025-08-25 11:51:39 - INFO - 已执行存储过程 [dbo].[aa_baobiao_gongfei]
2025-08-25 11:51:43 - INFO - 成功获取结果集，共 85593 条数据
2025-08-25 11:51:44 - INFO - 数据库连接已关闭
2025-08-25 11:51:44 - INFO - 成功获取 85593 条数据
2025-08-25 11:51:44 - INFO - 第1条数据示例: {'项目内码': 13133, '项目编号': 'ZN.17TX.08', '项目名称': '一汽丰田研发中心监控', '业绩年份': None, '框架编号': None, '框架名称': None, '部门': None, '立项时间': None, '甲方项目预算': None, '乙方项目预算': None, '完工时间': None, '送审金额': None, '审计时间': None, '审计金额': None, '业绩确认金额': None, '业绩确认备注': None, '结算时间': None, '结算金额': None, '采购订单金额': None, '材料成本': None, '销售出库': None, '人工成本': None, '施工队名称': 'SD-LZH', '未核销其他应付单': None, '暂估': None, '暂估冲回': None, '正式付款': Decimal('22936.0000'), '预付款': None, '已付其他应付单': None, '已审核付款': Decimal('22936.0000'), '未审核付款': None, '未付其他应付单': None, '其他成本': None, '其他': None, '其他应收单编号': None, '成本调整': None, '成本调整备注': None, '开票时间': None, '开票金额': None, '收款单单编号': None, '收款时间': None, '收款金额': None, '其他开票金额': None, '其他收款金额': None, '收款合计': None, '备注': None, '审计金额成本比例': None, '甲方项目预算成本比例': None, '开票金额成本比例': None, '收款金额成本比例': None}
2025-08-25 11:51:44 - INFO - 第2条数据示例: {'项目内码': 13170, '项目编号': 'ZN.YD.12', '项目名称': '武清营业厅（网络）', '业绩年份': None, '框架编号': None, '框架名称': None, '部门': None, '立项时间': None, '甲方项目预算': None, '乙方项目预算': None, '完工时间': None, '送审金额': None, '审计时间': None, '审计金额': None, '业绩确认金额': None, '业绩确认备注': None, '结算时间': None, '结算金额': None, '采购订单金额': None, '材料成本': None, '销售出库': None, '人工成本': None, '施工队名称': 'SD-LTQ', '未核销其他应付单': None, '暂估': None, '暂估冲回': None, '正式付款': Decimal('500.0000'), '预付款': None, '已付其他应付单': None, '已审核付款': Decimal('500.0000'), '未审核付款': None, '未付其他应付单': None, '其他成本': None, '其他': None, '其他应收单编号': None, '成本调整': None, '成本调整备注': None, '开票时间': None, '开票金额': None, '收款单单编号': None, '收款时间': None, '收款金额': None, '其他开票金额': None, '其他收款金额': None, '收款合计': None, '备注': None, '审计金额成本比例': None, '甲方项目预算成本比例': None, '开票金额成本比例': None, '收款金额成本比例': None}
2025-08-25 11:52:04 - INFO - 快速写入完成: 智导回款分析台账合并合计-工费-2025-08-25.xlsx
2025-08-25 11:52:04 - INFO - 成功读取邮件配置
2025-08-25 11:52:06 - INFO - 邮件发送成功，附件: 智导回款分析台账合并合计-工费-2025-08-25.xlsx，收件人: ['quming@knowdoo.com', 'danel109@163.com']
2025-08-25 11:52:06 - INFO - 程序执行结束
2025-08-25 11:57:19 - INFO - 程序开始执行
2025-08-25 11:57:19 - INFO - 成功读取数据库配置
2025-08-25 11:57:19 - INFO - 成功连接数据库并创建游标
2025-08-25 11:57:25 - INFO - 已执行存储过程 [dbo].[aa_baobiao_gongfei]
2025-08-25 11:57:28 - INFO - 成功获取结果集，共 85593 条数据
2025-08-25 11:57:29 - INFO - 数据库连接已关闭
2025-08-25 11:57:29 - INFO - 成功获取 85593 条数据
2025-08-25 11:57:29 - INFO - 第1条数据示例: {'项目内码': 13133, '项目编号': 'ZN.17TX.08', '项目名称': '一汽丰田研发中心监控', '业绩年份': None, '框架编号': None, '框架名称': None, '部门': None, '立项时间': None, '甲方项目预算': None, '乙方项目预算': None, '完工时间': None, '送审金额': None, '审计时间': None, '审计金额': None, '业绩确认金额': None, '业绩确认备注': None, '结算时间': None, '结算金额': None, '采购订单金额': None, '材料成本': None, '销售出库': None, '人工成本': None, '施工队名称': 'SD-LZH', '未核销其他应付单': None, '暂估': None, '暂估冲回': None, '正式付款': Decimal('22936.0000'), '预付款': None, '已付其他应付单': None, '已审核付款': Decimal('22936.0000'), '未审核付款': None, '未付其他应付单': None, '其他成本': None, '其他': None, '其他应收单编号': None, '成本调整': None, '成本调整备注': None, '开票时间': None, '开票金额': None, '收款单单编号': None, '收款时间': None, '收款金额': None, '其他开票金额': None, '其他收款金额': None, '收款合计': None, '备注': None, '审计金额成本比例': None, '甲方项目预算成本比例': None, '开票金额成本比例': None, '收款金额成本比例': None}
2025-08-25 11:57:29 - INFO - 第2条数据示例: {'项目内码': 13170, '项目编号': 'ZN.YD.12', '项目名称': '武清营业厅（网络）', '业绩年份': None, '框架编号': None, '框架名称': None, '部门': None, '立项时间': None, '甲方项目预算': None, '乙方项目预算': None, '完工时间': None, '送审金额': None, '审计时间': None, '审计金额': None, '业绩确认金额': None, '业绩确认备注': None, '结算时间': None, '结算金额': None, '采购订单金额': None, '材料成本': None, '销售出库': None, '人工成本': None, '施工队名称': 'SD-LTQ', '未核销其他应付单': None, '暂估': None, '暂估冲回': None, '正式付款': Decimal('500.0000'), '预付款': None, '已付其他应付单': None, '已审核付款': Decimal('500.0000'), '未审核付款': None, '未付其他应付单': None, '其他成本': None, '其他': None, '其他应收单编号': None, '成本调整': None, '成本调整备注': None, '开票时间': None, '开票金额': None, '收款单单编号': None, '收款时间': None, '收款金额': None, '其他开票金额': None, '其他收款金额': None, '收款合计': None, '备注': None, '审计金额成本比例': None, '甲方项目预算成本比例': None, '开票金额成本比例': None, '收款金额成本比例': None}
2025-08-25 11:57:41 - INFO - 程序执行结束
2025-08-25 11:57:43 - INFO - 程序开始执行
2025-08-25 11:57:43 - INFO - 成功读取数据库配置
2025-08-25 11:57:43 - INFO - 成功连接数据库并创建游标
2025-08-25 11:57:49 - INFO - 已执行存储过程 [dbo].[aa_baobiao_gongfei]
2025-08-25 11:57:53 - INFO - 成功获取结果集，共 85593 条数据
2025-08-25 11:57:54 - INFO - 数据库连接已关闭
2025-08-25 11:57:54 - INFO - 成功获取 85593 条数据
2025-08-25 11:57:54 - INFO - 第1条数据示例: {'项目内码': 13133, '项目编号': 'ZN.17TX.08', '项目名称': '一汽丰田研发中心监控', '业绩年份': None, '框架编号': None, '框架名称': None, '部门': None, '立项时间': None, '甲方项目预算': None, '乙方项目预算': None, '完工时间': None, '送审金额': None, '审计时间': None, '审计金额': None, '业绩确认金额': None, '业绩确认备注': None, '结算时间': None, '结算金额': None, '采购订单金额': None, '材料成本': None, '销售出库': None, '人工成本': None, '施工队名称': 'SD-LZH', '未核销其他应付单': None, '暂估': None, '暂估冲回': None, '正式付款': Decimal('22936.0000'), '预付款': None, '已付其他应付单': None, '已审核付款': Decimal('22936.0000'), '未审核付款': None, '未付其他应付单': None, '其他成本': None, '其他': None, '其他应收单编号': None, '成本调整': None, '成本调整备注': None, '开票时间': None, '开票金额': None, '收款单单编号': None, '收款时间': None, '收款金额': None, '其他开票金额': None, '其他收款金额': None, '收款合计': None, '备注': None, '审计金额成本比例': None, '甲方项目预算成本比例': None, '开票金额成本比例': None, '收款金额成本比例': None}
2025-08-25 11:57:54 - INFO - 第2条数据示例: {'项目内码': 13170, '项目编号': 'ZN.YD.12', '项目名称': '武清营业厅（网络）', '业绩年份': None, '框架编号': None, '框架名称': None, '部门': None, '立项时间': None, '甲方项目预算': None, '乙方项目预算': None, '完工时间': None, '送审金额': None, '审计时间': None, '审计金额': None, '业绩确认金额': None, '业绩确认备注': None, '结算时间': None, '结算金额': None, '采购订单金额': None, '材料成本': None, '销售出库': None, '人工成本': None, '施工队名称': 'SD-LTQ', '未核销其他应付单': None, '暂估': None, '暂估冲回': None, '正式付款': Decimal('500.0000'), '预付款': None, '已付其他应付单': None, '已审核付款': Decimal('500.0000'), '未审核付款': None, '未付其他应付单': None, '其他成本': None, '其他': None, '其他应收单编号': None, '成本调整': None, '成本调整备注': None, '开票时间': None, '开票金额': None, '收款单单编号': None, '收款时间': None, '收款金额': None, '其他开票金额': None, '其他收款金额': None, '收款合计': None, '备注': None, '审计金额成本比例': None, '甲方项目预算成本比例': None, '开票金额成本比例': None, '收款金额成本比例': None}
2025-08-25 11:58:13 - INFO - 快速写入完成: 智导回款分析台账合并合计-工费-2025-08-25.xlsx
2025-08-25 11:58:13 - INFO - 成功读取邮件配置
2025-08-25 11:58:17 - INFO - 邮件发送成功，附件: 智导回款分析台账合并合计-工费-2025-08-25.xlsx，收件人: ['quming@knowdoo.com', 'danel109@163.com']
2025-08-25 11:58:17 - INFO - 程序执行结束
2025-08-25 13:25:48 - INFO - 程序开始执行
2025-08-25 13:25:48 - INFO - 成功读取数据库配置
2025-08-25 13:25:48 - INFO - 成功连接数据库并创建游标
2025-08-25 13:25:55 - INFO - 数据库连接已关闭
2025-08-25 13:25:55 - INFO - mainjob执行结束
2025-08-25 13:26:08 - INFO - 程序开始执行
2025-08-25 13:26:08 - INFO - 成功读取数据库配置
2025-08-25 13:26:08 - INFO - 成功连接数据库并创建游标
2025-08-25 13:26:14 - INFO - 已执行存储过程 [dbo].[aa_baobiao_gongfei]
2025-08-25 13:26:17 - INFO - 成功获取结果集，共 85593 条数据
2025-08-25 13:26:18 - INFO - 数据库连接已关闭
2025-08-25 13:26:18 - INFO - 成功获取 85593 条数据
2025-08-25 13:26:18 - INFO - 第1条数据示例: {'项目内码': 13133, '项目编号': 'ZN.17TX.08', '项目名称': '一汽丰田研发中心监控', '业绩年份': None, '框架编号': None, '框架名称': None, '部门': None, '立项时间': None, '甲方项目预算': None, '乙方项目预算': None, '完工时间': None, '送审金额': None, '审计时间': None, '审计金额': None, '业绩确认金额': None, '业绩确认备注': None, '结算时间': None, '结算金额': None, '采购订单金额': None, '材料成本': None, '销售出库': None, '人工成本': None, '施工队名称': 'SD-LZH', '未核销其他应付单': None, '暂估': None, '暂估冲回': None, '正式付款': Decimal('22936.0000'), '预付款': None, '已付其他应付单': None, '已审核付款': Decimal('22936.0000'), '未审核付款': None, '未付其他应付单': None, '其他成本': None, '其他': None, '其他应收单编号': None, '成本调整': None, '成本调整备注': None, '开票时间': None, '开票金额': None, '收款单单编号': None, '收款时间': None, '收款金额': None, '其他开票金额': None, '其他收款金额': None, '收款合计': None, '备注': None, '审计金额成本比例': None, '甲方项目预算成本比例': None, '开票金额成本比例': None, '收款金额成本比例': None}
2025-08-25 13:26:18 - INFO - 第2条数据示例: {'项目内码': 13170, '项目编号': 'ZN.YD.12', '项目名称': '武清营业厅（网络）', '业绩年份': None, '框架编号': None, '框架名称': None, '部门': None, '立项时间': None, '甲方项目预算': None, '乙方项目预算': None, '完工时间': None, '送审金额': None, '审计时间': None, '审计金额': None, '业绩确认金额': None, '业绩确认备注': None, '结算时间': None, '结算金额': None, '采购订单金额': None, '材料成本': None, '销售出库': None, '人工成本': None, '施工队名称': 'SD-LTQ', '未核销其他应付单': None, '暂估': None, '暂估冲回': None, '正式付款': Decimal('500.0000'), '预付款': None, '已付其他应付单': None, '已审核付款': Decimal('500.0000'), '未审核付款': None, '未付其他应付单': None, '其他成本': None, '其他': None, '其他应收单编号': None, '成本调整': None, '成本调整备注': None, '开票时间': None, '开票金额': None, '收款单单编号': None, '收款时间': None, '收款金额': None, '其他开票金额': None, '其他收款金额': None, '收款合计': None, '备注': None, '审计金额成本比例': None, '甲方项目预算成本比例': None, '开票金额成本比例': None, '收款金额成本比例': None}
2025-08-25 13:26:39 - INFO - 快速写入完成: 智导回款分析台账合并合计-工费-2025-08-25.xlsx
2025-08-25 13:26:39 - INFO - 成功读取邮件配置
2025-08-25 13:26:43 - INFO - 邮件发送成功，附件: 智导回款分析台账合并合计-工费-2025-08-25.xlsx，收件人: ['quming@knowdoo.com', 'danel109@163.com']
2025-08-25 13:26:43 - INFO - mainjob执行结束
2025-08-25 13:26:43 - INFO - 成功读取定时配置
2025-08-25 13:26:43 - INFO - Adding job tentatively -- it will be properly scheduled when the scheduler starts
2025-08-25 13:26:43 - INFO - Added job "报表生成与发送邮件" to job store "default"
2025-08-25 13:26:43 - INFO - Scheduler started
2025-08-25 13:26:43 - INFO - 定时任务已启动，执行表达式: */2 * * * *
2025-08-25 13:26:43 - INFO - 程序将持续运行，按Ctrl+C终止...
2025-08-25 13:28:00 - INFO - Running job "报表生成与发送邮件 (trigger: cron[month='*', day='*', day_of_week='*', hour='*', minute='*/2'], next run at: 2025-08-25 13:28:00 CST)" (scheduled at 2025-08-25 13:28:00+08:00)
2025-08-25 13:28:00 - INFO - 成功读取数据库配置
2025-08-25 13:28:00 - INFO - 成功连接数据库并创建游标
2025-08-25 13:28:06 - INFO - 已执行存储过程 [dbo].[aa_baobiao_gongfei]
2025-08-25 13:28:09 - INFO - 成功获取结果集，共 85593 条数据
2025-08-25 13:28:10 - INFO - 数据库连接已关闭
2025-08-25 13:28:10 - INFO - 成功获取 85593 条数据
2025-08-25 13:28:10 - INFO - 第1条数据示例: {'项目内码': 13133, '项目编号': 'ZN.17TX.08', '项目名称': '一汽丰田研发中心监控', '业绩年份': None, '框架编号': None, '框架名称': None, '部门': None, '立项时间': None, '甲方项目预算': None, '乙方项目预算': None, '完工时间': None, '送审金额': None, '审计时间': None, '审计金额': None, '业绩确认金额': None, '业绩确认备注': None, '结算时间': None, '结算金额': None, '采购订单金额': None, '材料成本': None, '销售出库': None, '人工成本': None, '施工队名称': 'SD-LZH', '未核销其他应付单': None, '暂估': None, '暂估冲回': None, '正式付款': Decimal('22936.0000'), '预付款': None, '已付其他应付单': None, '已审核付款': Decimal('22936.0000'), '未审核付款': None, '未付其他应付单': None, '其他成本': None, '其他': None, '其他应收单编号': None, '成本调整': None, '成本调整备注': None, '开票时间': None, '开票金额': None, '收款单单编号': None, '收款时间': None, '收款金额': None, '其他开票金额': None, '其他收款金额': None, '收款合计': None, '备注': None, '审计金额成本比例': None, '甲方项目预算成本比例': None, '开票金额成本比例': None, '收款金额成本比例': None}
2025-08-25 13:28:10 - INFO - 第2条数据示例: {'项目内码': 13170, '项目编号': 'ZN.YD.12', '项目名称': '武清营业厅（网络）', '业绩年份': None, '框架编号': None, '框架名称': None, '部门': None, '立项时间': None, '甲方项目预算': None, '乙方项目预算': None, '完工时间': None, '送审金额': None, '审计时间': None, '审计金额': None, '业绩确认金额': None, '业绩确认备注': None, '结算时间': None, '结算金额': None, '采购订单金额': None, '材料成本': None, '销售出库': None, '人工成本': None, '施工队名称': 'SD-LTQ', '未核销其他应付单': None, '暂估': None, '暂估冲回': None, '正式付款': Decimal('500.0000'), '预付款': None, '已付其他应付单': None, '已审核付款': Decimal('500.0000'), '未审核付款': None, '未付其他应付单': None, '其他成本': None, '其他': None, '其他应收单编号': None, '成本调整': None, '成本调整备注': None, '开票时间': None, '开票金额': None, '收款单单编号': None, '收款时间': None, '收款金额': None, '其他开票金额': None, '其他收款金额': None, '收款合计': None, '备注': None, '审计金额成本比例': None, '甲方项目预算成本比例': None, '开票金额成本比例': None, '收款金额成本比例': None}
2025-08-25 13:28:31 - INFO - 快速写入完成: 智导回款分析台账合并合计-工费-2025-08-25.xlsx
2025-08-25 13:28:31 - INFO - 成功读取邮件配置
2025-08-25 13:28:34 - INFO - 邮件发送成功，附件: 智导回款分析台账合并合计-工费-2025-08-25.xlsx，收件人: ['quming@knowdoo.com', 'danel109@163.com']
2025-08-25 13:28:34 - INFO - mainjob执行结束
2025-08-25 13:28:34 - INFO - Job "报表生成与发送邮件 (trigger: cron[month='*', day='*', day_of_week='*', hour='*', minute='*/2'], next run at: 2025-08-25 13:30:00 CST)" executed successfully
2025-08-25 13:28:34 - INFO - 定时任务执行成功（来自监听器）
2025-08-25 13:30:00 - INFO - Running job "报表生成与发送邮件 (trigger: cron[month='*', day='*', day_of_week='*', hour='*', minute='*/2'], next run at: 2025-08-25 13:32:00 CST)" (scheduled at 2025-08-25 13:30:00+08:00)
2025-08-25 13:30:00 - INFO - 成功读取数据库配置
2025-08-25 13:30:00 - INFO - 成功连接数据库并创建游标
2025-08-25 13:30:06 - INFO - 已执行存储过程 [dbo].[aa_baobiao_gongfei]
2025-08-25 13:30:09 - INFO - 成功获取结果集，共 85593 条数据
2025-08-25 13:30:10 - INFO - 数据库连接已关闭
2025-08-25 13:30:10 - INFO - 成功获取 85593 条数据
2025-08-25 13:30:10 - INFO - 第1条数据示例: {'项目内码': 13133, '项目编号': 'ZN.17TX.08', '项目名称': '一汽丰田研发中心监控', '业绩年份': None, '框架编号': None, '框架名称': None, '部门': None, '立项时间': None, '甲方项目预算': None, '乙方项目预算': None, '完工时间': None, '送审金额': None, '审计时间': None, '审计金额': None, '业绩确认金额': None, '业绩确认备注': None, '结算时间': None, '结算金额': None, '采购订单金额': None, '材料成本': None, '销售出库': None, '人工成本': None, '施工队名称': 'SD-LZH', '未核销其他应付单': None, '暂估': None, '暂估冲回': None, '正式付款': Decimal('22936.0000'), '预付款': None, '已付其他应付单': None, '已审核付款': Decimal('22936.0000'), '未审核付款': None, '未付其他应付单': None, '其他成本': None, '其他': None, '其他应收单编号': None, '成本调整': None, '成本调整备注': None, '开票时间': None, '开票金额': None, '收款单单编号': None, '收款时间': None, '收款金额': None, '其他开票金额': None, '其他收款金额': None, '收款合计': None, '备注': None, '审计金额成本比例': None, '甲方项目预算成本比例': None, '开票金额成本比例': None, '收款金额成本比例': None}
2025-08-25 13:30:10 - INFO - 第2条数据示例: {'项目内码': 13170, '项目编号': 'ZN.YD.12', '项目名称': '武清营业厅（网络）', '业绩年份': None, '框架编号': None, '框架名称': None, '部门': None, '立项时间': None, '甲方项目预算': None, '乙方项目预算': None, '完工时间': None, '送审金额': None, '审计时间': None, '审计金额': None, '业绩确认金额': None, '业绩确认备注': None, '结算时间': None, '结算金额': None, '采购订单金额': None, '材料成本': None, '销售出库': None, '人工成本': None, '施工队名称': 'SD-LTQ', '未核销其他应付单': None, '暂估': None, '暂估冲回': None, '正式付款': Decimal('500.0000'), '预付款': None, '已付其他应付单': None, '已审核付款': Decimal('500.0000'), '未审核付款': None, '未付其他应付单': None, '其他成本': None, '其他': None, '其他应收单编号': None, '成本调整': None, '成本调整备注': None, '开票时间': None, '开票金额': None, '收款单单编号': None, '收款时间': None, '收款金额': None, '其他开票金额': None, '其他收款金额': None, '收款合计': None, '备注': None, '审计金额成本比例': None, '甲方项目预算成本比例': None, '开票金额成本比例': None, '收款金额成本比例': None}
2025-08-25 13:30:31 - INFO - 快速写入完成: 智导回款分析台账合并合计-工费-2025-08-25.xlsx
2025-08-25 13:30:31 - INFO - 成功读取邮件配置
2025-08-25 13:30:38 - INFO - 邮件发送成功，附件: 智导回款分析台账合并合计-工费-2025-08-25.xlsx，收件人: ['quming@knowdoo.com', 'danel109@163.com']
2025-08-25 13:30:38 - INFO - mainjob执行结束
2025-08-25 13:30:38 - INFO - Job "报表生成与发送邮件 (trigger: cron[month='*', day='*', day_of_week='*', hour='*', minute='*/2'], next run at: 2025-08-25 13:32:00 CST)" executed successfully
2025-08-25 13:30:38 - INFO - 定时任务执行成功（来自监听器）
2025-08-25 13:32:00 - INFO - Running job "报表生成与发送邮件 (trigger: cron[month='*', day='*', day_of_week='*', hour='*', minute='*/2'], next run at: 2025-08-25 13:34:00 CST)" (scheduled at 2025-08-25 13:32:00+08:00)
2025-08-25 13:32:00 - INFO - 成功读取数据库配置
2025-08-25 13:32:00 - INFO - 成功连接数据库并创建游标
2025-08-25 13:32:06 - INFO - 已执行存储过程 [dbo].[aa_baobiao_gongfei]
2025-08-25 13:32:09 - INFO - 成功获取结果集，共 85593 条数据
2025-08-25 13:32:10 - INFO - 数据库连接已关闭
2025-08-25 13:32:10 - INFO - 成功获取 85593 条数据
2025-08-25 13:32:10 - INFO - 第1条数据示例: {'项目内码': 13133, '项目编号': 'ZN.17TX.08', '项目名称': '一汽丰田研发中心监控', '业绩年份': None, '框架编号': None, '框架名称': None, '部门': None, '立项时间': None, '甲方项目预算': None, '乙方项目预算': None, '完工时间': None, '送审金额': None, '审计时间': None, '审计金额': None, '业绩确认金额': None, '业绩确认备注': None, '结算时间': None, '结算金额': None, '采购订单金额': None, '材料成本': None, '销售出库': None, '人工成本': None, '施工队名称': 'SD-LZH', '未核销其他应付单': None, '暂估': None, '暂估冲回': None, '正式付款': Decimal('22936.0000'), '预付款': None, '已付其他应付单': None, '已审核付款': Decimal('22936.0000'), '未审核付款': None, '未付其他应付单': None, '其他成本': None, '其他': None, '其他应收单编号': None, '成本调整': None, '成本调整备注': None, '开票时间': None, '开票金额': None, '收款单单编号': None, '收款时间': None, '收款金额': None, '其他开票金额': None, '其他收款金额': None, '收款合计': None, '备注': None, '审计金额成本比例': None, '甲方项目预算成本比例': None, '开票金额成本比例': None, '收款金额成本比例': None}
2025-08-25 13:32:10 - INFO - 第2条数据示例: {'项目内码': 13170, '项目编号': 'ZN.YD.12', '项目名称': '武清营业厅（网络）', '业绩年份': None, '框架编号': None, '框架名称': None, '部门': None, '立项时间': None, '甲方项目预算': None, '乙方项目预算': None, '完工时间': None, '送审金额': None, '审计时间': None, '审计金额': None, '业绩确认金额': None, '业绩确认备注': None, '结算时间': None, '结算金额': None, '采购订单金额': None, '材料成本': None, '销售出库': None, '人工成本': None, '施工队名称': 'SD-LTQ', '未核销其他应付单': None, '暂估': None, '暂估冲回': None, '正式付款': Decimal('500.0000'), '预付款': None, '已付其他应付单': None, '已审核付款': Decimal('500.0000'), '未审核付款': None, '未付其他应付单': None, '其他成本': None, '其他': None, '其他应收单编号': None, '成本调整': None, '成本调整备注': None, '开票时间': None, '开票金额': None, '收款单单编号': None, '收款时间': None, '收款金额': None, '其他开票金额': None, '其他收款金额': None, '收款合计': None, '备注': None, '审计金额成本比例': None, '甲方项目预算成本比例': None, '开票金额成本比例': None, '收款金额成本比例': None}
2025-08-25 13:32:31 - INFO - 快速写入完成: 智导回款分析台账合并合计-工费-2025-08-25.xlsx
2025-08-25 13:32:31 - INFO - 成功读取邮件配置
2025-08-25 13:32:35 - INFO - 邮件发送成功，附件: 智导回款分析台账合并合计-工费-2025-08-25.xlsx，收件人: ['quming@knowdoo.com', 'danel109@163.com']
2025-08-25 13:32:35 - INFO - mainjob执行结束
2025-08-25 13:32:35 - INFO - Job "报表生成与发送邮件 (trigger: cron[month='*', day='*', day_of_week='*', hour='*', minute='*/2'], next run at: 2025-08-25 13:34:00 CST)" executed successfully
2025-08-25 13:32:35 - INFO - 定时任务执行成功（来自监听器）
2025-08-25 13:34:00 - INFO - Running job "报表生成与发送邮件 (trigger: cron[month='*', day='*', day_of_week='*', hour='*', minute='*/2'], next run at: 2025-08-25 13:36:00 CST)" (scheduled at 2025-08-25 13:34:00+08:00)
2025-08-25 13:34:00 - INFO - 成功读取数据库配置
2025-08-25 13:34:00 - INFO - 成功连接数据库并创建游标
2025-08-25 13:34:06 - INFO - 已执行存储过程 [dbo].[aa_baobiao_gongfei]
2025-08-25 13:34:09 - INFO - 成功获取结果集，共 85593 条数据
2025-08-25 13:34:10 - INFO - 数据库连接已关闭
2025-08-25 13:34:10 - INFO - 成功获取 85593 条数据
2025-08-25 13:34:10 - INFO - 第1条数据示例: {'项目内码': 13133, '项目编号': 'ZN.17TX.08', '项目名称': '一汽丰田研发中心监控', '业绩年份': None, '框架编号': None, '框架名称': None, '部门': None, '立项时间': None, '甲方项目预算': None, '乙方项目预算': None, '完工时间': None, '送审金额': None, '审计时间': None, '审计金额': None, '业绩确认金额': None, '业绩确认备注': None, '结算时间': None, '结算金额': None, '采购订单金额': None, '材料成本': None, '销售出库': None, '人工成本': None, '施工队名称': 'SD-LZH', '未核销其他应付单': None, '暂估': None, '暂估冲回': None, '正式付款': Decimal('22936.0000'), '预付款': None, '已付其他应付单': None, '已审核付款': Decimal('22936.0000'), '未审核付款': None, '未付其他应付单': None, '其他成本': None, '其他': None, '其他应收单编号': None, '成本调整': None, '成本调整备注': None, '开票时间': None, '开票金额': None, '收款单单编号': None, '收款时间': None, '收款金额': None, '其他开票金额': None, '其他收款金额': None, '收款合计': None, '备注': None, '审计金额成本比例': None, '甲方项目预算成本比例': None, '开票金额成本比例': None, '收款金额成本比例': None}
2025-08-25 13:34:10 - INFO - 第2条数据示例: {'项目内码': 13170, '项目编号': 'ZN.YD.12', '项目名称': '武清营业厅（网络）', '业绩年份': None, '框架编号': None, '框架名称': None, '部门': None, '立项时间': None, '甲方项目预算': None, '乙方项目预算': None, '完工时间': None, '送审金额': None, '审计时间': None, '审计金额': None, '业绩确认金额': None, '业绩确认备注': None, '结算时间': None, '结算金额': None, '采购订单金额': None, '材料成本': None, '销售出库': None, '人工成本': None, '施工队名称': 'SD-LTQ', '未核销其他应付单': None, '暂估': None, '暂估冲回': None, '正式付款': Decimal('500.0000'), '预付款': None, '已付其他应付单': None, '已审核付款': Decimal('500.0000'), '未审核付款': None, '未付其他应付单': None, '其他成本': None, '其他': None, '其他应收单编号': None, '成本调整': None, '成本调整备注': None, '开票时间': None, '开票金额': None, '收款单单编号': None, '收款时间': None, '收款金额': None, '其他开票金额': None, '其他收款金额': None, '收款合计': None, '备注': None, '审计金额成本比例': None, '甲方项目预算成本比例': None, '开票金额成本比例': None, '收款金额成本比例': None}
2025-08-25 13:34:31 - INFO - 快速写入完成: 智导回款分析台账合并合计-工费-2025-08-25.xlsx
2025-08-25 13:34:31 - INFO - 成功读取邮件配置
2025-08-25 13:34:35 - INFO - 邮件发送成功，附件: 智导回款分析台账合并合计-工费-2025-08-25.xlsx，收件人: ['quming@knowdoo.com', 'danel109@163.com']
2025-08-25 13:34:35 - INFO - mainjob执行结束
2025-08-25 13:34:35 - INFO - Job "报表生成与发送邮件 (trigger: cron[month='*', day='*', day_of_week='*', hour='*', minute='*/2'], next run at: 2025-08-25 13:36:00 CST)" executed successfully
2025-08-25 13:34:35 - INFO - 定时任务执行成功（来自监听器）
2025-08-25 13:36:00 - INFO - Running job "报表生成与发送邮件 (trigger: cron[month='*', day='*', day_of_week='*', hour='*', minute='*/2'], next run at: 2025-08-25 13:38:00 CST)" (scheduled at 2025-08-25 13:36:00+08:00)
2025-08-25 13:36:00 - INFO - 成功读取数据库配置
2025-08-25 13:36:00 - INFO - 成功连接数据库并创建游标
2025-08-25 13:36:06 - INFO - 已执行存储过程 [dbo].[aa_baobiao_gongfei]
2025-08-25 13:36:09 - INFO - 成功获取结果集，共 85593 条数据
2025-08-25 13:36:10 - INFO - 数据库连接已关闭
2025-08-25 13:36:10 - INFO - 成功获取 85593 条数据
2025-08-25 13:36:10 - INFO - 第1条数据示例: {'项目内码': 13133, '项目编号': 'ZN.17TX.08', '项目名称': '一汽丰田研发中心监控', '业绩年份': None, '框架编号': None, '框架名称': None, '部门': None, '立项时间': None, '甲方项目预算': None, '乙方项目预算': None, '完工时间': None, '送审金额': None, '审计时间': None, '审计金额': None, '业绩确认金额': None, '业绩确认备注': None, '结算时间': None, '结算金额': None, '采购订单金额': None, '材料成本': None, '销售出库': None, '人工成本': None, '施工队名称': 'SD-LZH', '未核销其他应付单': None, '暂估': None, '暂估冲回': None, '正式付款': Decimal('22936.0000'), '预付款': None, '已付其他应付单': None, '已审核付款': Decimal('22936.0000'), '未审核付款': None, '未付其他应付单': None, '其他成本': None, '其他': None, '其他应收单编号': None, '成本调整': None, '成本调整备注': None, '开票时间': None, '开票金额': None, '收款单单编号': None, '收款时间': None, '收款金额': None, '其他开票金额': None, '其他收款金额': None, '收款合计': None, '备注': None, '审计金额成本比例': None, '甲方项目预算成本比例': None, '开票金额成本比例': None, '收款金额成本比例': None}
2025-08-25 13:36:10 - INFO - 第2条数据示例: {'项目内码': 13170, '项目编号': 'ZN.YD.12', '项目名称': '武清营业厅（网络）', '业绩年份': None, '框架编号': None, '框架名称': None, '部门': None, '立项时间': None, '甲方项目预算': None, '乙方项目预算': None, '完工时间': None, '送审金额': None, '审计时间': None, '审计金额': None, '业绩确认金额': None, '业绩确认备注': None, '结算时间': None, '结算金额': None, '采购订单金额': None, '材料成本': None, '销售出库': None, '人工成本': None, '施工队名称': 'SD-LTQ', '未核销其他应付单': None, '暂估': None, '暂估冲回': None, '正式付款': Decimal('500.0000'), '预付款': None, '已付其他应付单': None, '已审核付款': Decimal('500.0000'), '未审核付款': None, '未付其他应付单': None, '其他成本': None, '其他': None, '其他应收单编号': None, '成本调整': None, '成本调整备注': None, '开票时间': None, '开票金额': None, '收款单单编号': None, '收款时间': None, '收款金额': None, '其他开票金额': None, '其他收款金额': None, '收款合计': None, '备注': None, '审计金额成本比例': None, '甲方项目预算成本比例': None, '开票金额成本比例': None, '收款金额成本比例': None}
2025-08-25 13:36:31 - INFO - 快速写入完成: 智导回款分析台账合并合计-工费-2025-08-25.xlsx
2025-08-25 13:36:31 - INFO - 成功读取邮件配置
2025-08-25 13:36:34 - INFO - 邮件发送成功，附件: 智导回款分析台账合并合计-工费-2025-08-25.xlsx，收件人: ['quming@knowdoo.com', 'danel109@163.com']
2025-08-25 13:36:34 - INFO - mainjob执行结束
2025-08-25 13:36:34 - INFO - Job "报表生成与发送邮件 (trigger: cron[month='*', day='*', day_of_week='*', hour='*', minute='*/2'], next run at: 2025-08-25 13:38:00 CST)" executed successfully
2025-08-25 13:36:34 - INFO - 定时任务执行成功（来自监听器）
2025-08-25 13:36:34 - INFO - Scheduler has been shut down
2025-08-25 13:36:34 - INFO - 定时任务已关闭
2025-08-25 13:36:34 - INFO - 程序退出
