2025-08-28 09:28:27 - INFO - 程序开始执行
2025-08-28 09:28:27 - INFO - 成功读取数据库配置
2025-08-28 09:28:27 - INFO - 成功连接数据库并创建游标
2025-08-28 09:28:34 - INFO - 已执行存储过程 [dbo].[aa_baobiao_gongfei]
2025-08-28 09:28:38 - INFO - 成功获取结果集，共 85593 条数据
2025-08-28 09:28:39 - INFO - 数据库连接已关闭
2025-08-28 09:28:39 - INFO - 成功获取 85593 条数据
2025-08-28 09:28:39 - INFO - 第1条数据示例: {'项目内码': 13133, '项目编号': 'ZN.17TX.08', '项目名称': '一汽丰田研发中心监控', '业绩年份': None, '框架编号': None, '框架名称': None, '部门': None, '立项时间': None, '甲方项目预算': None, '乙方项目预算': None, '完工时间': None, '送审金额': None, '审计时间': None, '审计金额': None, '业绩确认金额': None, '业绩确认备注': None, '结算时间': None, '结算金额': None, '采购订单金额': None, '材料成本': None, '销售出库': None, '人工成本': None, '施工队名称': 'SD-LZH', '未核销其他应付单': None, '暂估': None, '暂估冲回': None, '正式付款': Decimal('22936.0000'), '预付款': None, '已付其他应付单': None, '已审核付款': Decimal('22936.0000'), '未审核付款': None, '未付其他应付单': None, '其他成本': None, '其他': None, '其他应收单编号': None, '成本调整': None, '成本调整备注': None, '开票时间': None, '开票金额': None, '收款单单编号': None, '收款时间': None, '收款金额': None, '其他开票金额': None, '其他收款金额': None, '收款合计': None, '备注': None, '审计金额成本比例': None, '甲方项目预算成本比例': None, '开票金额成本比例': None, '收款金额成本比例': None}
2025-08-28 09:28:39 - INFO - 第2条数据示例: {'项目内码': 13170, '项目编号': 'ZN.YD.12', '项目名称': '武清营业厅（网络）', '业绩年份': None, '框架编号': None, '框架名称': None, '部门': None, '立项时间': None, '甲方项目预算': None, '乙方项目预算': None, '完工时间': None, '送审金额': None, '审计时间': None, '审计金额': None, '业绩确认金额': None, '业绩确认备注': None, '结算时间': None, '结算金额': None, '采购订单金额': None, '材料成本': None, '销售出库': None, '人工成本': None, '施工队名称': 'SD-LTQ', '未核销其他应付单': None, '暂估': None, '暂估冲回': None, '正式付款': Decimal('500.0000'), '预付款': None, '已付其他应付单': None, '已审核付款': Decimal('500.0000'), '未审核付款': None, '未付其他应付单': None, '其他成本': None, '其他': None, '其他应收单编号': None, '成本调整': None, '成本调整备注': None, '开票时间': None, '开票金额': None, '收款单单编号': None, '收款时间': None, '收款金额': None, '其他开票金额': None, '其他收款金额': None, '收款合计': None, '备注': None, '审计金额成本比例': None, '甲方项目预算成本比例': None, '开票金额成本比例': None, '收款金额成本比例': None}
2025-08-28 09:29:01 - INFO - 快速写入完成: 智导回款分析台账合并合计-工费-2025-08-28.xlsx
2025-08-28 09:29:01 - INFO - 成功读取邮件配置
2025-08-28 09:29:04 - INFO - 邮件发送成功，附件: 智导回款分析台账合并合计-工费-2025-08-28.xlsx，收件人: ['danel109@163.com']
2025-08-28 09:29:04 - INFO - mainjob执行结束
2025-08-28 09:29:04 - INFO - 成功读取数据库配置
2025-08-28 09:29:04 - INFO - 成功连接数据库并创建游标
2025-08-28 09:29:09 - INFO - 已执行存储过程 [dbo].[aa_baobiao_fukuan]
2025-08-28 09:29:12 - INFO - 成功获取结果集，共 41787 条数据
2025-08-28 09:29:14 - INFO - 数据库连接已关闭
2025-08-28 09:29:14 - INFO - 成功获取 41787 条数据
2025-08-28 09:29:14 - INFO - 第1条数据示例: {'项目内码': 122143, '项目编号': '00029778', '项目名称': 'TFTE-PC库信息点移动网络布线采购', '业绩年份': '2021', '框架编号': '单合同', '框架名称': '', '部门': '智能制造项目部', '立项时间': datetime.datetime(2021, 1, 5, 0, 0), '甲方项目预算': Decimal('4130.74'), '乙方项目预算': Decimal('4130.74'), '完工时间': datetime.datetime(2023, 3, 24, 0, 0), '送审金额': Decimal('4130.74'), '审计时间': None, '审计金额': Decimal('4130.74'), '业绩确认金额': None, '业绩确认备注': None, '结算时间': None, '结算金额': None, '采购订单金额': Decimal('637.17'), '材料成本': Decimal('637.89'), '销售出库': None, '人工成本': None, '未核销其他应付单': None, '已付其他应付单': None, '未付其他应付单': None, '其他成本': None, '其他': None, '其他应收单编号': None, '成本调整': None, '成本调整备注': None, '开票时间': None, '开票金额': Decimal('4130.74'), '收款单单编号': None, '收款时间': None, '收款金额': Decimal('4130.74'), '其他开票金额': None, '其他收款金额': None, '收款合计': Decimal('4130.74'), '备注': '', '审计金额成本比例': '15.00%', '甲方项目预算成本比例': '15.00%', '开票金额成本比例': '15.00%', '收款金额成本比例': '15.00%'}
2025-08-28 09:29:14 - INFO - 第2条数据示例: {'项目内码': 122368, '项目编号': '2021-00029836', '项目名称': '出入门管理系统硬件导入', '业绩年份': '', '框架编号': 'ZD.2019.020', '框架名称': 'TFTM5、9号门车牌自动识别系统采购', '部门': '智能部工程部', '立项时间': datetime.datetime(2021, 1, 12, 0, 0), '甲方项目预算': Decimal('0.01'), '乙方项目预算': Decimal('0.01'), '完工时间': datetime.datetime(2023, 7, 26, 0, 0), '送审金额': Decimal('0.01'), '审计时间': None, '审计金额': Decimal('0.01'), '业绩确认金额': None, '业绩确认备注': None, '结算时间': None, '结算金额': None, '采购订单金额': None, '材料成本': None, '销售出库': None, '人工成本': None, '未核销其他应付单': Decimal('0.00'), '已付其他应付单': None, '未付其他应付单': None, '其他成本': None, '其他': Decimal('0.00'), '其他应收单编号': None, '成本调整': None, '成本调整备注': None, '开票时间': None, '开票金额': None, '收款单单编号': None, '收款时间': None, '收款金额': None, '其他开票金额': None, '其他收款金额': None, '收款合计': Decimal('0.00'), '备注': '销项', '审计金额成本比例': '0.00%', '甲方项目预算成本比例': '0.00%', '开票金额成本比例': '0.00%', '收款金额成本比例': '0.00%'}
2025-08-28 09:29:26 - INFO - 快速写入完成: 智导回分析台帐合并合计一含采购申请销售回款及付款情况-2025-08-28.xlsx
2025-08-28 09:29:26 - INFO - 成功读取邮件配置
2025-08-28 09:29:29 - INFO - 邮件发送成功，附件: 智导回分析台帐合并合计一含采购申请销售回款及付款情况-2025-08-28.xlsx，收件人: ['danel109@163.com']
2025-08-28 09:29:29 - INFO - mainjob执行结束
2025-08-28 09:29:29 - INFO - 成功读取定时配置
2025-08-28 09:29:29 - INFO - Adding job tentatively -- it will be properly scheduled when the scheduler starts
2025-08-28 09:29:29 - INFO - Added job "报表生成与发送邮件" to job store "default"
2025-08-28 09:29:29 - INFO - Scheduler started
2025-08-28 09:29:29 - INFO - 定时任务已启动，执行表达式: */2 * * * *
2025-08-28 09:29:29 - INFO - 程序将持续运行，按Ctrl+C终止...
2025-08-28 09:30:00 - INFO - Running job "报表生成与发送邮件 (trigger: cron[month='*', day='*', day_of_week='*', hour='*', minute='*/2'], next run at: 2025-08-28 09:30:00 CST)" (scheduled at 2025-08-28 09:30:00+08:00)
2025-08-28 09:30:00 - INFO - 成功读取数据库配置
2025-08-28 09:30:00 - INFO - 成功连接数据库并创建游标
2025-08-28 09:30:07 - INFO - 已执行存储过程 [dbo].[aa_baobiao_gongfei]
2025-08-28 09:30:10 - INFO - 成功获取结果集，共 85593 条数据
2025-08-28 09:30:12 - INFO - 数据库连接已关闭
2025-08-28 09:30:12 - INFO - 成功获取 85593 条数据
2025-08-28 09:30:12 - INFO - 第1条数据示例: {'项目内码': 13133, '项目编号': 'ZN.17TX.08', '项目名称': '一汽丰田研发中心监控', '业绩年份': None, '框架编号': None, '框架名称': None, '部门': None, '立项时间': None, '甲方项目预算': None, '乙方项目预算': None, '完工时间': None, '送审金额': None, '审计时间': None, '审计金额': None, '业绩确认金额': None, '业绩确认备注': None, '结算时间': None, '结算金额': None, '采购订单金额': None, '材料成本': None, '销售出库': None, '人工成本': None, '施工队名称': 'SD-LZH', '未核销其他应付单': None, '暂估': None, '暂估冲回': None, '正式付款': Decimal('22936.0000'), '预付款': None, '已付其他应付单': None, '已审核付款': Decimal('22936.0000'), '未审核付款': None, '未付其他应付单': None, '其他成本': None, '其他': None, '其他应收单编号': None, '成本调整': None, '成本调整备注': None, '开票时间': None, '开票金额': None, '收款单单编号': None, '收款时间': None, '收款金额': None, '其他开票金额': None, '其他收款金额': None, '收款合计': None, '备注': None, '审计金额成本比例': None, '甲方项目预算成本比例': None, '开票金额成本比例': None, '收款金额成本比例': None}
2025-08-28 09:30:12 - INFO - 第2条数据示例: {'项目内码': 13170, '项目编号': 'ZN.YD.12', '项目名称': '武清营业厅（网络）', '业绩年份': None, '框架编号': None, '框架名称': None, '部门': None, '立项时间': None, '甲方项目预算': None, '乙方项目预算': None, '完工时间': None, '送审金额': None, '审计时间': None, '审计金额': None, '业绩确认金额': None, '业绩确认备注': None, '结算时间': None, '结算金额': None, '采购订单金额': None, '材料成本': None, '销售出库': None, '人工成本': None, '施工队名称': 'SD-LTQ', '未核销其他应付单': None, '暂估': None, '暂估冲回': None, '正式付款': Decimal('500.0000'), '预付款': None, '已付其他应付单': None, '已审核付款': Decimal('500.0000'), '未审核付款': None, '未付其他应付单': None, '其他成本': None, '其他': None, '其他应收单编号': None, '成本调整': None, '成本调整备注': None, '开票时间': None, '开票金额': None, '收款单单编号': None, '收款时间': None, '收款金额': None, '其他开票金额': None, '其他收款金额': None, '收款合计': None, '备注': None, '审计金额成本比例': None, '甲方项目预算成本比例': None, '开票金额成本比例': None, '收款金额成本比例': None}
2025-08-28 09:30:33 - INFO - 快速写入完成: 智导回款分析台账合并合计-工费-2025-08-28.xlsx
2025-08-28 09:30:33 - INFO - 成功读取邮件配置
2025-08-28 09:30:35 - INFO - 邮件发送成功，附件: 智导回款分析台账合并合计-工费-2025-08-28.xlsx，收件人: ['danel109@163.com']
2025-08-28 09:30:35 - INFO - mainjob执行结束
2025-08-28 09:30:35 - INFO - 成功读取数据库配置
2025-08-28 09:30:35 - INFO - 成功连接数据库并创建游标
2025-08-28 09:30:40 - INFO - 已执行存储过程 [dbo].[aa_baobiao_fukuan]
2025-08-28 09:30:42 - INFO - 成功获取结果集，共 41787 条数据
2025-08-28 09:30:44 - INFO - 数据库连接已关闭
2025-08-28 09:30:44 - INFO - 成功获取 41787 条数据
2025-08-28 09:30:44 - INFO - 第1条数据示例: {'项目内码': 122143, '项目编号': '00029778', '项目名称': 'TFTE-PC库信息点移动网络布线采购', '业绩年份': '2021', '框架编号': '单合同', '框架名称': '', '部门': '智能制造项目部', '立项时间': datetime.datetime(2021, 1, 5, 0, 0), '甲方项目预算': Decimal('4130.74'), '乙方项目预算': Decimal('4130.74'), '完工时间': datetime.datetime(2023, 3, 24, 0, 0), '送审金额': Decimal('4130.74'), '审计时间': None, '审计金额': Decimal('4130.74'), '业绩确认金额': None, '业绩确认备注': None, '结算时间': None, '结算金额': None, '采购订单金额': Decimal('637.17'), '材料成本': Decimal('637.89'), '销售出库': None, '人工成本': None, '未核销其他应付单': None, '已付其他应付单': None, '未付其他应付单': None, '其他成本': None, '其他': None, '其他应收单编号': None, '成本调整': None, '成本调整备注': None, '开票时间': None, '开票金额': Decimal('4130.74'), '收款单单编号': None, '收款时间': None, '收款金额': Decimal('4130.74'), '其他开票金额': None, '其他收款金额': None, '收款合计': Decimal('4130.74'), '备注': '', '审计金额成本比例': '15.00%', '甲方项目预算成本比例': '15.00%', '开票金额成本比例': '15.00%', '收款金额成本比例': '15.00%'}
2025-08-28 09:30:44 - INFO - 第2条数据示例: {'项目内码': 122368, '项目编号': '2021-00029836', '项目名称': '出入门管理系统硬件导入', '业绩年份': '', '框架编号': 'ZD.2019.020', '框架名称': 'TFTM5、9号门车牌自动识别系统采购', '部门': '智能部工程部', '立项时间': datetime.datetime(2021, 1, 12, 0, 0), '甲方项目预算': Decimal('0.01'), '乙方项目预算': Decimal('0.01'), '完工时间': datetime.datetime(2023, 7, 26, 0, 0), '送审金额': Decimal('0.01'), '审计时间': None, '审计金额': Decimal('0.01'), '业绩确认金额': None, '业绩确认备注': None, '结算时间': None, '结算金额': None, '采购订单金额': None, '材料成本': None, '销售出库': None, '人工成本': None, '未核销其他应付单': Decimal('0.00'), '已付其他应付单': None, '未付其他应付单': None, '其他成本': None, '其他': Decimal('0.00'), '其他应收单编号': None, '成本调整': None, '成本调整备注': None, '开票时间': None, '开票金额': None, '收款单单编号': None, '收款时间': None, '收款金额': None, '其他开票金额': None, '其他收款金额': None, '收款合计': Decimal('0.00'), '备注': '销项', '审计金额成本比例': '0.00%', '甲方项目预算成本比例': '0.00%', '开票金额成本比例': '0.00%', '收款金额成本比例': '0.00%'}
2025-08-28 09:30:56 - INFO - 快速写入完成: 智导回分析台帐合并合计一含采购申请销售回款及付款情况-2025-08-28.xlsx
2025-08-28 09:30:56 - INFO - 成功读取邮件配置
2025-08-28 09:30:59 - INFO - 邮件发送成功，附件: 智导回分析台帐合并合计一含采购申请销售回款及付款情况-2025-08-28.xlsx，收件人: ['danel109@163.com']
2025-08-28 09:30:59 - INFO - mainjob执行结束
2025-08-28 09:30:59 - INFO - Job "报表生成与发送邮件 (trigger: cron[month='*', day='*', day_of_week='*', hour='*', minute='*/2'], next run at: 2025-08-28 09:32:00 CST)" executed successfully
2025-08-28 09:30:59 - INFO - 定时任务执行成功（来自监听器）
2025-08-28 09:31:45 - INFO - Scheduler has been shut down
2025-08-28 09:31:45 - INFO - 定时任务已关闭
2025-08-28 09:31:45 - INFO - 程序退出
